build-gp-best-Android_Qt_6_2_1_Clang_armeabi_v7a-Debug/android-build/build/intermediates/manifest_merge_blame_file/debug/manifest-merger-blame-debug-report.txt
1<?xml version="1.0" encoding="utf-8"?>
2<manifest xmlns:android="http://schemas.android.com/apk/res/android"
3    package="org.qtproject.example"
4    android:installLocation="auto"
5    android:versionCode="1"
6    android:versionName="1.0" >
7
8    <uses-sdk
9        android:minSdkVersion="23"
9-->build-gp-best-Android_Qt_6_2_1_Clang_armeabi_v7a-Debug\android-build\AndroidManifest.xml
10        android:targetSdkVersion="30" />
10-->build-gp-best-Android_Qt_6_2_1_Clang_armeabi_v7a-Debug\android-build\AndroidManifest.xml
11    <!--
12         The following comment will be replaced upon deployment with default permissions based on the dependencies of the application.
13         Remove the comment if you do not require these default permissions.
14    -->
15    <uses-permission android:name="android.permission.INTERNET" />
15-->build-gp-best-Android_Qt_6_2_1_Clang_armeabi_v7a-Debug\android-build\AndroidManifest.xml:5:5-67
15-->build-gp-best-Android_Qt_6_2_1_Clang_armeabi_v7a-Debug\android-build\AndroidManifest.xml:5:22-64
16    <uses-permission android:name="android.permission.WRITE_EXTERNAL_STORAGE" />
16-->build-gp-best-Android_Qt_6_2_1_Clang_armeabi_v7a-Debug\android-build\AndroidManifest.xml:6:5-81
16-->build-gp-best-Android_Qt_6_2_1_Clang_armeabi_v7a-Debug\android-build\AndroidManifest.xml:6:22-78
17    <uses-permission android:name="android.permission.ACCESS_NETWORK_STATE" />
17-->build-gp-best-Android_Qt_6_2_1_Clang_armeabi_v7a-Debug\android-build\AndroidManifest.xml:7:5-79
17-->build-gp-best-Android_Qt_6_2_1_Clang_armeabi_v7a-Debug\android-build\AndroidManifest.xml:7:22-76
18
19    <!--
20         The following comment will be replaced upon deployment with default features based on the dependencies of the application.
21         Remove the comment if you do not require these default features.
22    -->
23
24    <supports-screens
24-->build-gp-best-Android_Qt_6_2_1_Clang_armeabi_v7a-Debug\android-build\AndroidManifest.xml:13:5-135
25        android:anyDensity="true"
25-->build-gp-best-Android_Qt_6_2_1_Clang_armeabi_v7a-Debug\android-build\AndroidManifest.xml:13:80-105
26        android:largeScreens="true"
26-->build-gp-best-Android_Qt_6_2_1_Clang_armeabi_v7a-Debug\android-build\AndroidManifest.xml:13:23-50
27        android:normalScreens="true"
27-->build-gp-best-Android_Qt_6_2_1_Clang_armeabi_v7a-Debug\android-build\AndroidManifest.xml:13:51-79
28        android:smallScreens="true" />
28-->build-gp-best-Android_Qt_6_2_1_Clang_armeabi_v7a-Debug\android-build\AndroidManifest.xml:13:106-133
29
30    <application
30-->build-gp-best-Android_Qt_6_2_1_Clang_armeabi_v7a-Debug\android-build\AndroidManifest.xml:14:5-75:19
31        android:name="org.qtproject.qt5.android.bindings.QtApplication"
31-->build-gp-best-Android_Qt_6_2_1_Clang_armeabi_v7a-Debug\android-build\AndroidManifest.xml:14:53-116
32        android:debuggable="true"
33        android:extractNativeLibs="true"
33-->build-gp-best-Android_Qt_6_2_1_Clang_armeabi_v7a-Debug\android-build\AndroidManifest.xml:14:141-173
34        android:hardwareAccelerated="true"
34-->build-gp-best-Android_Qt_6_2_1_Clang_armeabi_v7a-Debug\android-build\AndroidManifest.xml:14:18-52
35        android:label="gp-best" >
35-->build-gp-best-Android_Qt_6_2_1_Clang_armeabi_v7a-Debug\android-build\AndroidManifest.xml:14:117-140
36        <activity
36-->build-gp-best-Android_Qt_6_2_1_Clang_armeabi_v7a-Debug\android-build\AndroidManifest.xml:15:9-73:20
37            android:name="org.qtproject.qt5.android.bindings.QtActivity"
37-->build-gp-best-Android_Qt_6_2_1_Clang_armeabi_v7a-Debug\android-build\AndroidManifest.xml:15:189-249
38            android:configChanges="orientation|uiMode|screenLayout|screenSize|smallestScreenSize|layoutDirection|locale|fontScale|keyboard|keyboardHidden|navigation|mcc|mnc|density"
38-->build-gp-best-Android_Qt_6_2_1_Clang_armeabi_v7a-Debug\android-build\AndroidManifest.xml:15:19-188
39            android:label="gp-best"
39-->build-gp-best-Android_Qt_6_2_1_Clang_armeabi_v7a-Debug\android-build\AndroidManifest.xml:15:250-273
40            android:launchMode="singleTop"
40-->build-gp-best-Android_Qt_6_2_1_Clang_armeabi_v7a-Debug\android-build\AndroidManifest.xml:15:311-341
41            android:screenOrientation="portrait" >
41-->build-gp-best-Android_Qt_6_2_1_Clang_armeabi_v7a-Debug\android-build\AndroidManifest.xml:15:274-310
42            <intent-filter>
42-->build-gp-best-Android_Qt_6_2_1_Clang_armeabi_v7a-Debug\android-build\AndroidManifest.xml:16:13-19:29
43                <action android:name="android.intent.action.MAIN" />
43-->build-gp-best-Android_Qt_6_2_1_Clang_armeabi_v7a-Debug\android-build\AndroidManifest.xml:17:17-68
43-->build-gp-best-Android_Qt_6_2_1_Clang_armeabi_v7a-Debug\android-build\AndroidManifest.xml:17:25-66
44
45                <category android:name="android.intent.category.LAUNCHER" />
45-->build-gp-best-Android_Qt_6_2_1_Clang_armeabi_v7a-Debug\android-build\AndroidManifest.xml:18:17-76
45-->build-gp-best-Android_Qt_6_2_1_Clang_armeabi_v7a-Debug\android-build\AndroidManifest.xml:18:27-74
46            </intent-filter>
47            <!-- Application arguments -->
48            <!-- meta-data android:name="android.app.arguments" android:value="arg1 arg2 arg3"/ -->
49            <!-- Application arguments -->
50            <meta-data
50-->build-gp-best-Android_Qt_6_2_1_Clang_armeabi_v7a-Debug\android-build\AndroidManifest.xml:23:13-85
51                android:name="android.app.lib_name"
51-->build-gp-best-Android_Qt_6_2_1_Clang_armeabi_v7a-Debug\android-build\AndroidManifest.xml:23:24-59
52                android:value="gp-best" />
52-->build-gp-best-Android_Qt_6_2_1_Clang_armeabi_v7a-Debug\android-build\AndroidManifest.xml:23:60-83
53            <meta-data
53-->build-gp-best-Android_Qt_6_2_1_Clang_armeabi_v7a-Debug\android-build\AndroidManifest.xml:24:13-112
54                android:name="android.app.qt_sources_resource_id"
54-->build-gp-best-Android_Qt_6_2_1_Clang_armeabi_v7a-Debug\android-build\AndroidManifest.xml:24:24-73
55                android:resource="@array/qt_sources" />
55-->build-gp-best-Android_Qt_6_2_1_Clang_armeabi_v7a-Debug\android-build\AndroidManifest.xml:24:74-110
56            <meta-data
56-->build-gp-best-Android_Qt_6_2_1_Clang_armeabi_v7a-Debug\android-build\AndroidManifest.xml:25:13-87
57                android:name="android.app.repository"
57-->build-gp-best-Android_Qt_6_2_1_Clang_armeabi_v7a-Debug\android-build\AndroidManifest.xml:25:24-61
58                android:value="default" />
58-->build-gp-best-Android_Qt_6_2_1_Clang_armeabi_v7a-Debug\android-build\AndroidManifest.xml:25:62-85
59            <meta-data
59-->build-gp-best-Android_Qt_6_2_1_Clang_armeabi_v7a-Debug\android-build\AndroidManifest.xml:26:13-106
60                android:name="android.app.qt_libs_resource_id"
60-->build-gp-best-Android_Qt_6_2_1_Clang_armeabi_v7a-Debug\android-build\AndroidManifest.xml:26:24-70
61                android:resource="@array/qt_libs" />
61-->build-gp-best-Android_Qt_6_2_1_Clang_armeabi_v7a-Debug\android-build\AndroidManifest.xml:26:71-104
62            <meta-data
62-->build-gp-best-Android_Qt_6_2_1_Clang_armeabi_v7a-Debug\android-build\AndroidManifest.xml:27:13-116
63                android:name="android.app.bundled_libs_resource_id"
63-->build-gp-best-Android_Qt_6_2_1_Clang_armeabi_v7a-Debug\android-build\AndroidManifest.xml:27:24-75
64                android:resource="@array/bundled_libs" />
64-->build-gp-best-Android_Qt_6_2_1_Clang_armeabi_v7a-Debug\android-build\AndroidManifest.xml:27:76-114
65            <!-- Deploy Qt libs as part of package -->
66            <meta-data
66-->build-gp-best-Android_Qt_6_2_1_Clang_armeabi_v7a-Debug\android-build\AndroidManifest.xml:29:13-120
67                android:name="android.app.bundle_local_qt_libs"
67-->build-gp-best-Android_Qt_6_2_1_Clang_armeabi_v7a-Debug\android-build\AndroidManifest.xml:29:24-71
68                android:value="-- %%BUNDLE_LOCAL_QT_LIBS%% --" />
68-->build-gp-best-Android_Qt_6_2_1_Clang_armeabi_v7a-Debug\android-build\AndroidManifest.xml:29:72-118
69            <!-- Run with local libs -->
70            <meta-data
70-->build-gp-best-Android_Qt_6_2_1_Clang_armeabi_v7a-Debug\android-build\AndroidManifest.xml:31:13-114
71                android:name="android.app.use_local_qt_libs"
71-->build-gp-best-Android_Qt_6_2_1_Clang_armeabi_v7a-Debug\android-build\AndroidManifest.xml:31:24-68
72                android:value="-- %%USE_LOCAL_QT_LIBS%% --" />
72-->build-gp-best-Android_Qt_6_2_1_Clang_armeabi_v7a-Debug\android-build\AndroidManifest.xml:31:69-112
73            <meta-data
73-->build-gp-best-Android_Qt_6_2_1_Clang_armeabi_v7a-Debug\android-build\AndroidManifest.xml:32:13-100
74                android:name="android.app.libs_prefix"
74-->build-gp-best-Android_Qt_6_2_1_Clang_armeabi_v7a-Debug\android-build\AndroidManifest.xml:32:24-62
75                android:value="/data/local/tmp/qt/" />
75-->build-gp-best-Android_Qt_6_2_1_Clang_armeabi_v7a-Debug\android-build\AndroidManifest.xml:32:63-98
76            <meta-data
76-->build-gp-best-Android_Qt_6_2_1_Clang_armeabi_v7a-Debug\android-build\AndroidManifest.xml:33:13-122
77                android:name="android.app.load_local_libs_resource_id"
77-->build-gp-best-Android_Qt_6_2_1_Clang_armeabi_v7a-Debug\android-build\AndroidManifest.xml:33:24-78
78                android:resource="@array/load_local_libs" />
78-->build-gp-best-Android_Qt_6_2_1_Clang_armeabi_v7a-Debug\android-build\AndroidManifest.xml:33:79-120
79            <meta-data
79-->build-gp-best-Android_Qt_6_2_1_Clang_armeabi_v7a-Debug\android-build\AndroidManifest.xml:34:13-112
80                android:name="android.app.load_local_jars"
80-->build-gp-best-Android_Qt_6_2_1_Clang_armeabi_v7a-Debug\android-build\AndroidManifest.xml:34:24-66
81                android:value="-- %%INSERT_LOCAL_JARS%% --" />
81-->build-gp-best-Android_Qt_6_2_1_Clang_armeabi_v7a-Debug\android-build\AndroidManifest.xml:34:67-110
82            <meta-data
82-->build-gp-best-Android_Qt_6_2_1_Clang_armeabi_v7a-Debug\android-build\AndroidManifest.xml:35:13-118
83                android:name="android.app.static_init_classes"
83-->build-gp-best-Android_Qt_6_2_1_Clang_armeabi_v7a-Debug\android-build\AndroidManifest.xml:35:24-70
84                android:value="-- %%INSERT_INIT_CLASSES%% --" />
84-->build-gp-best-Android_Qt_6_2_1_Clang_armeabi_v7a-Debug\android-build\AndroidManifest.xml:35:71-116
85            <!-- Used to specify custom system library path to run with local system libs -->
86            <!-- <meta-data android:name="android.app.system_libs_prefix" android:value="/system/lib/"/> -->
87            <!-- Messages maps -->
88            <meta-data
88-->build-gp-best-Android_Qt_6_2_1_Clang_armeabi_v7a-Debug\android-build\AndroidManifest.xml:39:13-122
89                android:name="android.app.ministro_not_found_msg"
89-->build-gp-best-Android_Qt_6_2_1_Clang_armeabi_v7a-Debug\android-build\AndroidManifest.xml:39:71-120
90                android:value="@string/ministro_not_found_msg" />
90-->build-gp-best-Android_Qt_6_2_1_Clang_armeabi_v7a-Debug\android-build\AndroidManifest.xml:39:24-70
91            <meta-data
91-->build-gp-best-Android_Qt_6_2_1_Clang_armeabi_v7a-Debug\android-build\AndroidManifest.xml:40:13-116
92                android:name="android.app.ministro_needed_msg"
92-->build-gp-best-Android_Qt_6_2_1_Clang_armeabi_v7a-Debug\android-build\AndroidManifest.xml:40:68-114
93                android:value="@string/ministro_needed_msg" />
93-->build-gp-best-Android_Qt_6_2_1_Clang_armeabi_v7a-Debug\android-build\AndroidManifest.xml:40:24-67
94            <meta-data
94-->build-gp-best-Android_Qt_6_2_1_Clang_armeabi_v7a-Debug\android-build\AndroidManifest.xml:41:13-108
95                android:name="android.app.fatal_error_msg"
95-->build-gp-best-Android_Qt_6_2_1_Clang_armeabi_v7a-Debug\android-build\AndroidManifest.xml:41:64-106
96                android:value="@string/fatal_error_msg" />
96-->build-gp-best-Android_Qt_6_2_1_Clang_armeabi_v7a-Debug\android-build\AndroidManifest.xml:41:24-63
97            <meta-data
97-->build-gp-best-Android_Qt_6_2_1_Clang_armeabi_v7a-Debug\android-build\AndroidManifest.xml:42:13-132
98                android:name="android.app.unsupported_android_version"
98-->build-gp-best-Android_Qt_6_2_1_Clang_armeabi_v7a-Debug\android-build\AndroidManifest.xml:42:76-130
99                android:value="@string/unsupported_android_version" />
99-->build-gp-best-Android_Qt_6_2_1_Clang_armeabi_v7a-Debug\android-build\AndroidManifest.xml:42:24-75
100            <!-- Messages maps -->
101            <!-- Splash screen -->
102            <!--
103                 Orientation-specific (portrait/landscape) data is checked first. If not available for current orientation,
104                 then android.app.splash_screen_drawable. For best results, use together with splash_screen_sticky and
105                 use hideSplashScreen() with a fade-out animation from Qt Android Extras to hide the splash screen when you
106                 are done populating your window with content.
107            -->
108            <!-- meta-data android:name="android.app.splash_screen_drawable_portrait" android:resource="@drawable/logo_portrait" / -->
109            <!-- meta-data android:name="android.app.splash_screen_drawable_landscape" android:resource="@drawable/logo_landscape" / -->
110            <!-- meta-data android:name="android.app.splash_screen_drawable" android:resource="@drawable/logo"/ -->
111            <!-- meta-data android:name="android.app.splash_screen_sticky" android:value="true"/ -->
112            <!-- Splash screen -->
113            <!-- Background running -->
114            <!--
115                 Warning: changing this value to true may cause unexpected crashes if the
116                          application still try to draw after
117                          "applicationStateChanged(Qt::ApplicationSuspended)"
118                          signal is sent!
119            -->
120            <meta-data
120-->build-gp-best-Android_Qt_6_2_1_Clang_armeabi_v7a-Debug\android-build\AndroidManifest.xml:59:13-93
121                android:name="android.app.background_running"
121-->build-gp-best-Android_Qt_6_2_1_Clang_armeabi_v7a-Debug\android-build\AndroidManifest.xml:59:24-69
122                android:value="false" />
122-->build-gp-best-Android_Qt_6_2_1_Clang_armeabi_v7a-Debug\android-build\AndroidManifest.xml:59:70-91
123            <!-- Background running -->
124            <!-- auto screen scale factor -->
125            <meta-data
125-->build-gp-best-Android_Qt_6_2_1_Clang_armeabi_v7a-Debug\android-build\AndroidManifest.xml:62:13-99
126                android:name="android.app.auto_screen_scale_factor"
126-->build-gp-best-Android_Qt_6_2_1_Clang_armeabi_v7a-Debug\android-build\AndroidManifest.xml:62:24-75
127                android:value="false" />
127-->build-gp-best-Android_Qt_6_2_1_Clang_armeabi_v7a-Debug\android-build\AndroidManifest.xml:62:76-97
128            <!-- auto screen scale factor -->
129            <!-- extract android style -->
130            <!--
131                 available android:values :
132                * default - In most cases this will be the same as "full", but it can also be something else if needed, e.g., for compatibility reasons
133                * full - useful QWidget & Quick Controls 1 apps
134                * minimal - useful for Quick Controls 2 apps, it is much faster than "full"
135                * none - useful for apps that don't use any of the above Qt modules
136            -->
137            <meta-data
137-->build-gp-best-Android_Qt_6_2_1_Clang_armeabi_v7a-Debug\android-build\AndroidManifest.xml:71:13-98
138                android:name="android.app.extract_android_style"
138-->build-gp-best-Android_Qt_6_2_1_Clang_armeabi_v7a-Debug\android-build\AndroidManifest.xml:71:24-72
139                android:value="default" />
139-->build-gp-best-Android_Qt_6_2_1_Clang_armeabi_v7a-Debug\android-build\AndroidManifest.xml:71:73-96
140            <!-- extract android style -->
141        </activity>
142        <!-- For adding service(s) please check: https://wiki.qt.io/AndroidServices -->
143    </application>
144
145</manifest>